<?xml version="1.0" encoding="UTF-8"?>
<!-- Generated by org.testng.reporters.JUnitReportReporter -->
<testsuite hostname="DESKTOP-T9NJM4G" failures="0" tests="1" name="Files.seleniumPractice1" time="10.543" errors="0" timestamp="2021-10-29T12:19:53 PDT" skipped="0">
  <testcase classname="Files.seleniumPractice1" name="openLinksinNewTab" time="10.543"/>
  <system-out/>
</testsuite> <!-- Files.seleniumPractice1 -->
